<?xml version="1.0" encoding="UTF-8"?>
<!-- Generated by org.testng.reporters.JUnitReportReporter -->
<testsuite hostname="arins-MacBook-Pro.local" failures="0" tests="1" name="arinyed.Appium.MiscellaneousAppiumActions" time="11.119" errors="0" timestamp="2023-12-09T18:19:59 PST" skipped="0">
  <testcase classname="arinyed.Appium.MiscellaneousAppiumActions" name="WifiSettingsName" time="11.119"/>
  <system-out/>
</testsuite> <!-- arinyed.Appium.MiscellaneousAppiumActions -->
