<?xml version="1.0" encoding="UTF-8"?>
<!-- Generated by org.testng.reporters.JUnitReportReporter -->
<testsuite hostname="arins-MacBook-Pro.local" failures="0" tests="1" name="arinyed.Appium.ScrollDemoTest" time="4.981" errors="0" timestamp="2023-12-02T18:35:42 PST" skipped="0">
  <testcase classname="arinyed.Appium.ScrollDemoTest" name="LongPressGesture" time="4.981"/>
  <system-out/>
</testsuite> <!-- arinyed.Appium.ScrollDemoTest -->
