<?xml version="1.0" encoding="UTF-8"?>
<!-- Generated by org.testng.reporters.JUnitReportReporter -->
<testsuite hostname="arins-MacBook-Pro.local" failures="0" tests="1" name="arinyed.Appium.Practice" time="19.663" errors="0" timestamp="2023-12-09T11:43:21 PST" skipped="0">
  <testcase classname="arinyed.Appium.Practice" name="PracticeAssignment" time="19.663"/>
  <system-out/>
</testsuite> <!-- arinyed.Appium.Practice -->
