<?xml version="1.0" encoding="UTF-8"?>
<!-- Generated by org.testng.reporters.JUnitReportReporter -->
<testsuite hostname="arins-MacBook-Pro.local" failures="0" tests="1" name="arinyed.Appium.ScrollDemo" time="5.708" errors="0" timestamp="2023-12-02T18:41:45 PST" skipped="0">
  <testcase classname="arinyed.Appium.ScrollDemo" name="ScrollDemoTest" time="5.708"/>
  <system-out/>
</testsuite> <!-- arinyed.Appium.ScrollDemo -->
