<?xml version="1.0" encoding="UTF-8"?>
<!-- Generated by org.testng.reporters.JUnitReportReporter -->
<testsuite hostname="arins-MacBook-Pro.local" failures="0" tests="1" name="arinyed.Appium.AppiumBasics" time="8.404" errors="0" timestamp="2023-12-02T11:26:42 PST" skipped="0">
  <testcase classname="arinyed.Appium.AppiumBasics" name="WifiSettingsName" time="8.404"/>
  <system-out/>
</testsuite> <!-- arinyed.Appium.AppiumBasics -->
