<?xml version="1.0" encoding="UTF-8"?>
<!-- Generated by org.testng.reporters.JUnitReportReporter -->
<testsuite hostname="arins-MacBook-Pro.local" failures="0" tests="1" name="arinyed.Appium.LongPress" time="8.162" errors="0" timestamp="2023-12-02T18:08:02 PST" skipped="0">
  <testcase classname="arinyed.Appium.LongPress" name="LongPressGesture" time="8.162"/>
  <system-out/>
</testsuite> <!-- arinyed.Appium.LongPress -->
