<?xml version="1.0" encoding="UTF-8"?>
<!-- Generated by org.testng.reporters.JUnitReportReporter -->
<testsuite hostname="arins-MacBook-Pro.local" failures="0" tests="1" name="arinyed.Appium.SwipeDemo" time="7.169" errors="0" timestamp="2023-12-03T16:22:18 PST" skipped="0">
  <testcase classname="arinyed.Appium.SwipeDemo" name="SwipeDemoTest" time="7.169"/>
  <system-out/>
</testsuite> <!-- arinyed.Appium.SwipeDemo -->
