<?xml version="1.0" encoding="UTF-8"?>
<!-- Generated by org.testng.reporters.JUnitReportReporter -->
<testsuite hostname="arins-MacBook-Pro.local" failures="0" tests="1" name="arinyed.Appium.eCommerce_tc_1" time="21.072" errors="0" timestamp="2023-12-10T20:01:23 PST" skipped="0">
  <testcase classname="arinyed.Appium.eCommerce_tc_1" name="fillForm" time="21.072"/>
  <system-out/>
</testsuite> <!-- arinyed.Appium.eCommerce_tc_1 -->
